proguard/seeds.txt
rbermani.android.binaural.VoiceType: rbermani.android.binaural.VoiceType[] values()
rbermani.android.binaural.VoiceType: rbermani.android.binaural.VoiceType valueOf(java.lang.String)
rbermani.android.binaural.MainActivity
rbermani.android.binaural.AboutActivity
rbermani.android.binaural.PreferencesDlg
...
rbermani.android.widgets.SeekBarPreference
rbermani.android.widgets.SeekBarPreference: SeekBarPreference(android.content.Context,android.util.AttributeSet)
com.admob.android.ads.AdView
com.admob.android.ads.AdView: AdView(android.content.Context,android.util.AttributeSet)
rbermani.android.widgets.SeekBarPreference
rbermani.android.widgets.SeekBarPreference: SeekBarPreference(android.content.Context,android.util.AttributeSet,int)
com.admob.android.ads.AdView
com.admob.android.ads.AdView: AdView(android.content.Context,android.util.AttributeSet,int)
com.admob.android.ads.a: com.admob.android.ads.a[] values()
com.admob.android.ads.a: com.admob.android.ads.a valueOf(java.lang.String)
com.admob.android.ads.q$a: com.admob.android.ads.q$a[] values()
com.admob.android.ads.q$a: com.admob.android.ads.q$a valueOf(java.lang.String)
com.admob.android.ads.AdManager$Gender: com.admob.android.ads.AdManager$Gender[] values()
com.admob.android.ads.AdManager$Gender: com.admob.android.ads.AdManager$Gender valueOf(java.lang.String)
com.admob.android.ads.InterstitialAd$Event: com.admob.android.ads.InterstitialAd$Event[] values()
com.admob.android.ads.InterstitialAd$Event: com.admob.android.ads.InterstitialAd$Event valueOf(java.lang.String)
com.admob.android.ads.j$b: com.admob.android.ads.j$b[] values()
com.admob.android.ads.j$b: com.admob.android.ads.j$b valueOf(java.lang.String)
com.admob.android.ads.j$a: com.admob.android.ads.j$a[] values()
com.admob.android.ads.j$a: com.admob.android.ads.j$a valueOf(java.lang.String)
com.admob.android.ads.AdMobActivity
com.admob.android.ads.analytics.InstallReceiver