proguard/mapping.txt
rbermani.android.binaural.AboutActivity -> rbermani.android.binaural.AboutActivity:
    void onCreate(android.os.Bundle) -> onCreate
    java.lang.String readText() -> a
rbermani.android.binaural.AndroidAudioDevice -> rbermani.android.binaural.h:
    android.media.AudioTrack track -> a
    int minSize -> b
    short[] buffer -> c
    void writeRaw(short[]) -> a
    int getMinSize() -> a
rbermani.android.binaural.BinauralManager -> rbermani.android.binaural.i:
    int sineTableSz -> a
    rbermani.android.binaural.AndroidAudioDevice device -> b
    boolean continueRunning -> c
    double frequencyLeft -> d
    double frequencyRight -> e
    boolean pinkNoiseEnable -> f
    int leftChanIncrement -> g
    int rightChanIncrement -> h
    int leftOffset -> i
    int rightOffset -> j
    java.lang.Thread backgroundThread -> k
    int bufferLength -> l
    rbermani.android.binaural.BinauralManager$Noise[] noiseTable -> m
    int noiseTableOffset -> n
    int rand0 -> o
    int rand1 -> p
    int randomSeed -> q
    short[] sineTable -> r
    int[] noiseBuffer -> s
    android.media.MediaPlayer nMediaPlayer -> t
    float pinkNoiseAmpPref -> u
    float binauralAmpPref -> v
    float backgroundLoopTrack -> w
    boolean isPlaying() -> a
    void loadBackgroundTrack(android.content.Context) -> a
    void enableBackgroundTrack() -> b
    void disableBackgroundTrack() -> c
    void setMixerLevels(int,int,int) -> a
    void start() -> d
    void stop() -> e
    void terminate() -> f
    void configureBeats(double,double) -> a
    short[] getMixedSamples() -> g
    void setPinkNoise(boolean) -> a
    short genPinkNoiseSample() -> h
    boolean access$0(rbermani.android.binaural.BinauralManager) -> a
    rbermani.android.binaural.AndroidAudioDevice access$1(rbermani.android.binaural.BinauralManager) -> b
rbermani.android.binaural.BinauralManager$1 -> rbermani.android.binaural.b:
    rbermani.android.binaural.BinauralManager this$0 -> a
    void run() -> run
rbermani.android.binaural.BinauralManager$2 -> rbermani.android.binaural.c:
    rbermani.android.binaural.BinauralManager this$0 -> a
    void run() -> run
rbermani.android.binaural.BinauralManager$Noise -> rbermani.android.binaural.j:
    int value -> a
    int increment -> b
    rbermani.android.binaural.BinauralManager this$0 -> c
rbermani.android.binaural.MainActivity -> rbermani.android.binaural.MainActivity:
    android.widget.ArrayAdapter mAdapter -> a
    android.widget.ImageButton leftCarrBtn -> b
    android.widget.ImageButton rightCarrBtn -> c
    android.widget.ImageButton leftBeatBtn -> d
    android.widget.ImageButton rightBeatBtn -> e
    android.widget.LinearLayout layoutBackground -> f
    android.widget.Button executeBtn -> g
    android.widget.Button muteBtn -> h
    android.widget.EditText txtCarrier -> i
    android.widget.EditText txtBeat -> j
    rbermani.android.binaural.BinauralManager binaural -> k
    double carrierFrequency -> l
    double beatFrequency -> m
    double beatFreqMax -> n
    double beatFreqMin -> o
    double carrierFreqMax -> p
    double carrierFreqMin -> q
    int holdDelayMs -> r
    com.admob.android.ads.AdView adView -> s
    boolean chkBoxPinkNoise -> t
    boolean chkBoxBackground -> u
    boolean chkBoxMixer -> v
    int pinkNoiseAmpPref -> w
    int binauralAmpPref -> x
    int backgroundLoopTrack -> y
    android.os.Handler mHandler -> z
    java.lang.Runnable mIncrementBeat -> A
    java.lang.Runnable mDecrementBeat -> B
    java.lang.Runnable mIncrementCarrier -> C
    java.lang.Runnable mDecrementCarrier -> D
    java.lang.Runnable mRefreshAd -> E
    void onItemSelected(android.widget.AdapterView,android.view.View,int,long) -> onItemSelected
rbermani.android.binaural.MainActivity$1 -> rbermani.android.binaural.a:
    rbermani.android.binaural.MainActivity this$0 -> a
    void run() -> run
...
com.admob.android.ads.q -> com.admob.android.ads.ae:
    com.admob.android.ads.r a -> a
    java.util.Vector b -> b
    com.admob.android.ads.u c -> c
    android.widget.PopupWindow d -> d
    void a(java.lang.String) -> a
    void a(android.content.Intent) -> a
    void a(android.app.Activity,android.view.View) -> a
    void a() -> a
    void l() -> k
    void k() -> j
    void a(android.content.Context) -> a
    void a(android.content.Context,org.json.JSONObject,com.admob.android.ads.u) -> a
    void a(android.content.Context,java.lang.String) -> a
    void a(android.content.Context,org.json.JSONArray) -> a
    void a(android.content.Context,org.json.JSONObject) -> a
    android.content.Intent b(android.content.Context,java.lang.String) -> b
    android.content.Intent b(android.content.Context) -> b
    void a(java.util.Hashtable) -> a
    void b() -> b
    boolean c() -> c
    void a(android.os.Bundle,java.lang.String,java.lang.Object) -> a
    android.os.Bundle a(org.json.JSONObject) -> a
    void a(java.util.List,org.json.JSONObject,java.lang.String) -> a
com.admob.android.ads.q$1 -> com.admob.android.ads.e:
    void a(com.admob.android.ads.e) -> a
    void a(com.admob.android.ads.e,java.lang.Exception) -> a
com.admob.android.ads.q$2 -> com.admob.android.ads.am:
    int[] a -> a
com.admob.android.ads.q$a -> com.admob.android.ads.be:
    com.admob.android.ads.q$a a -> a
    com.admob.android.ads.q$a b -> b
    com.admob.android.ads.q$a c -> c
    java.lang.String d -> d
    com.admob.android.ads.q$a[] e -> e
    com.admob.android.ads.q$a[] values() -> values
    com.admob.android.ads.q$a valueOf(java.lang.String) -> valueOf
    java.lang.String toString() -> toString
    com.admob.android.ads.q$a a(int) -> a
com.admob.android.ads.r -> com.admob.android.ads.ac:
    com.admob.android.ads.j$a a -> a
    java.lang.String b -> b
    java.util.Vector c -> c
    java.lang.String d -> d
    com.admob.android.ads.q$a e -> e
    boolean m -> m
    boolean f -> f
    android.graphics.Point g -> g
    android.graphics.Point n -> n
    com.admob.android.ads.p h -> h
    java.lang.String i -> i
    java.lang.String j -> j
    java.lang.String o -> o
    android.os.Bundle k -> k
    boolean l -> l
    void a(java.lang.String,boolean) -> a
    java.util.Hashtable b() -> b
    android.os.Bundle a() -> a
    boolean a(android.os.Bundle) -> a
    void a(org.json.JSONObject,com.admob.android.ads.u,java.lang.String) -> a
    int[] a(android.graphics.Point) -> a
    android.graphics.Point a(int[]) -> a
    boolean a(byte) -> a
com.admob.android.ads.s -> com.admob.android.ads.ag:
    com.admob.android.ads.s a -> a
    java.io.File b -> b
    long c -> c
    long d -> d
    java.util.PriorityQueue e -> e
    java.util.Hashtable f -> f
    com.admob.android.ads.s a(android.content.Context) -> a
    void a(java.io.File) -> a
    void b(java.io.File) -> b
    void c(java.io.File) -> c
    android.graphics.Bitmap a(java.lang.String) -> a
    void a(java.lang.String,android.graphics.Bitmap) -> a
    void a() -> a
    void b() -> b
    void a(com.admob.android.ads.s) -> a
com.admob.android.ads.s$a -> com.admob.android.ads.aq:
    com.admob.android.ads.s a -> a
    void run() -> run
com.admob.android.ads.s$b -> com.admob.android.ads.ao:
    int compare(java.lang.Object,java.lang.Object) -> compare
com.admob.android.ads.t -> com.admob.android.ads.af:
    com.admob.android.ads.t a -> a
    android.content.Context b -> b
    java.lang.Thread c -> c
    java.lang.String d -> d
    java.util.Properties e -> e
    android.content.Context f -> f
    void a(android.content.Context) -> a
    java.lang.String a(java.lang.String) -> a
    java.lang.String a() -> a
    boolean b() -> b
    java.io.File a(android.content.Context,java.lang.String) -> a
    void a(com.admob.android.ads.e,java.lang.Exception) -> a
    void a(com.admob.android.ads.e) -> a